<?xml version="1.0" encoding="UTF-8"?>
<testsuite xmlns:xsi="http://www.w3.org/2001/XMLSchema-instance" xsi:noNamespaceSchemaLocation="https://maven.apache.org/surefire/maven-surefire-plugin/xsd/surefire-test-report.xsd" name="com.uregina.app.Time24Test" time="0.007" tests="4" errors="0" skipped="0" failures="0">
  <properties>
[...]
</properties>
  <testcase name="Path1_Time12PM" classname="com.uregina.app.Time24Test" time="0"/>
  <testcase name="Path2_TimeBetween1and11PM" classname="com.uregina.app.Time24Test" time="0"/>
  <testcase name="Path3_12AM" classname="com.uregina.app.Time24Test" time="0"/>
  <testcase name="Path4_TimeBetween1and11AM" classname="com.uregina.app.Time24Test" time="0"/>
</testsuite>